This file contains any messages produced by compilers while
running CMake, to aid debugging if configure makes a mistake.

It was created by quadruped-reactive-walking CMake configuration process UNKNOWN-dirty, which was
generated by CMake 3.16.3.

## --------- ##
## Platform. ##
## --------- ##

hostname = student-VirtualBox
system = Linux-5.13.0-40-generic
processor = x86_64
generator = Unix Makefiles

PATH /opt/openrobots/bin
PATH /opt/ros/noetic/bin
PATH /home/student/.local/bin
PATH /usr/local/sbin
PATH /usr/local/bin
PATH /usr/sbin
PATH /usr/bin
PATH /sbin
PATH /bin
PATH /usr/games
PATH /usr/local/games
PATH /snap/bin

PKG_CONFIG_PATH /opt/openrobots/lib/pkgconfig
PKG_CONFIG_PATH /opt/ros/noetic/lib/pkgconfig

## ---------------- ##
## CMake variables. ##
## ---------------- ##

CMAKE_ROOT = /usr/share/cmake-3.16
CMAKE_INCLUDE_PATH = 
CMAKE_LIBRARY_PATH = 
CMAKE_PREFIX_PATH = 
CMAKE_INSTALL_ALWAYS = 
CMAKE_SKIP_RPATH = NO
CMAKE_SUPPRESS_REGENERATION = 
BUILD_SHARED_LIBS = ON

CMAKE_INSTALL_PREFIX = /home/student/install
PROJECT_SOURCE_DIR = /home/student/quadruped-reactive-walking
PROJECT_SOURCE_DIR = /home/student/quadruped-reactive-walking
PROJECT_BINARY_DIR = /home/student/quadruped-reactive-walking/build
CMAKE_BINARY_DIR = /home/student/quadruped-reactive-walking/build

CMAKE_AR = /usr/bin/ar
CMAKE_RANLIB = /usr/bin/ranlib
CMAKE_BUILD_TYPE = RELEASE
CMAKE_CONFIGURATION_TYPES = 
CMAKE_SHARED_LINKER_FLAGS = 

CMAKE_C_COMPILER = 
CMAKE_C_FLAGS = 
CMAKE_C_FLAGS_DEBUG = 
CMAKE_C_FLAGS_RELEASE = 
CMAKE_CXX_COMPILER = /usr/bin/c++
CMAKE_CXX_FLAGS = -pedantic -Wno-long-long -Wall -Wextra -Wcast-align -Wcast-qual -Wformat -Wwrite-strings -Wconversion 
CMAKE_CXX_FLAGS_DEBUG = -g
CMAKE_CXX_FLAGS_RELEASE = -O3 -DNDEBUG
CMAKE_CXX_FLAGS_RELWITHDEBINFO = -O2 -g -DNDEBUG

CMAKE_STATIC_LIBRARY_PREFIX = lib
CMAKE_STATIC_LIBRARY_SUFFIX = .a
CMAKE_SHARED_LIBRARY_PREFIX = lib
CMAKE_SHARED_LIBRARY_SUFFIX = .so
CMAKE_SHARED_MODULE_PREFIX = lib
CMAKE_SHARED_MODULE_SUFFIX = .so

## ------------------ ##
## Watched variables. ##
## ------------------ ##

WARNING_CXX_FLAGS = -pedantic -Wno-long-long -Wall -Wextra -Wcast-align -Wcast-qual -Wformat -Wwrite-strings -Wconversion
_PKG_CONFIG_FOUND = undefined
PKG_CONFIG_EXECUTABLE = /usr/bin/pkg-config
_PKG_CONFIG_PREFIX = /home/student/install
_PKG_CONFIG_EXEC_PREFIX = /home/student/install
_PKG_CONFIG_LIBDIR = /opt/openrobots/lib
_PKG_CONFIG_BINDIR = /home/student/install/bin
_PKG_CONFIG_PKGLIBDIR = /home/student/install/lib/quadruped-reactive-walking
_PKG_CONFIG_INCLUDEDIR = /home/student/install/include
_PKG_CONFIG_DATAROOTDIR = /home/student/install/share
_PKG_CONFIG_PKGDATAROOTDIR = /home/student/install/share
_PKG_CONFIG_DOCDIR = /home/student/install/share/doc/quadruped-reactive-walking
_PKG_CONFIG_DOXYGENDOCDIR = /home/student/install/share/doc/quadruped-reactive-walking/doxygen-html
_PKG_CONFIG_PROJECT_NAME = quadruped-reactive-walking
_PKG_CONFIG_DESCRIPTION = Reactive walking control architecture for quadrupeds
_PKG_CONFIG_URL = https://gitlab.laas.fr/gepetto/quadruped-reactive-walking
_PKG_CONFIG_VERSION = UNKNOWN-dirty
_PKG_CONFIG_REQUIRES = 
_PKG_CONFIG_REQUIRES_DEBUG = 
_PKG_CONFIG_REQUIRES_OPTIMIZED = 
_PKG_CONFIG_COMPILE_TIME_REQUIRES = 
_PKG_CONFIG_CONFLICTS = 
_PKG_CONFIG_LIBS = 
_PKG_CONFIG_LIBS_DEBUG = -L${libdir}
_PKG_CONFIG_LIBS_OPTIMIZED = -L${libdir}
_PKG_CONFIG_LIBS_PRIVATE = 
_PKG_CONFIG_CFLAGS = -I${includedir} -I/usr/include
_PKG_CONFIG_CFLAGS_DEBUG = 
_PKG_CONFIG_CFLAGS_OPTIMIZED = 
_PKG_CONFIG_FILENAME = quadruped-reactive-walking.pc
PKG_CONFIG_EXTRA = 
PYTHONINTERP_FOUND = undefined
PYTHONLIBS_FOUND = TRUE
PYTHON_LIBRARY_DIRS = /usr/lib/x86_64-linux-gnu
PYTHONLIBS_VERSION_STRING = 3.8.10
PYTHON_EXECUTABLE = /usr/bin/python3.8
PYTHON_SOABI = .cpython-38-x86_64-linux-gnu
PYTHON_EXT_SUFFIX = .cpython-38-x86_64-linux-gnu.so
Boost_USE_MULTITHREADED = ON
Boost_USE_STATIC_LIBS = OFF
Boost_ADDITIONAL_VERSIONS = undefined
Boost_DEBUG = undefined
Boost_COMPILER = undefined
BOOST_ROOT = undefined
BOOSTROOT = undefined
BOOST_INCLUDEDIR = undefined
BOOST_LIBRARYDIR = undefined
Boost_FOUND = TRUE
Boost_INCLUDE_DIRS = /usr/include
Boost_INCLUDE_DIR = /usr/include
Boost_LIBRARIES = /usr/lib/x86_64-linux-gnu/libboost_chrono.so;/usr/lib/x86_64-linux-gnu/libboost_serialization.so
Boost_LIBRARY_DIRS = /usr/lib/x86_64-linux-gnu
Boost_VERSION = 107100
Boost_LIB_VERSION = 1_71
Boost_MAJOR_VERSION = 1
Boost_MINOR_VERSION = 71
Boost_SUBMINOR_VERSION = 0
Boost_LIB_DIAGNOSTIC_DEFINITIONS = undefined
Boost_UNIT_TEST_FRAMEWORK_FOUND = ON
Boost_UNIT_TEST_FRAMEWORK_LIBRARY = /usr/lib/x86_64-linux-gnu/libboost_unit_test_framework.so
Boost_UNIT_TEST_FRAMEWORK_LIBRARY_DEBUG = /usr/lib/x86_64-linux-gnu/libboost_unit_test_framework.so
Boost_UNIT_TEST_FRAMEWORK_LIBRARY_RELEASE = /usr/lib/x86_64-linux-gnu/libboost_unit_test_framework.so
Boost_PYTHON38_FOUND = ON
Boost_PYTHON38_LIBRARY = /usr/lib/x86_64-linux-gnu/libboost_python38.so
Boost_PYTHON38_LIBRARY_DEBUG = /usr/lib/x86_64-linux-gnu/libboost_python38.so
Boost_PYTHON38_LIBRARY_RELEASE = /usr/lib/x86_64-linux-gnu/libboost_python38.so
python_comp_pos = 0
Boost_PYTHON_LIBRARY = /usr/lib/x86_64-linux-gnu/libboost_python38.so
## ---------------- ##
## Watched targets. ##
## ---------------- ##

